<?xml version="1.0" encoding="UTF-8"?>
<!-- Generated by org.testng.reporters.JUnitXMLReporter -->
<testsuite hostname="Ravi-PC" name="Default test" tests="3" failures="0" timestamp="28 Mar 2018 07:07:00 GMT" time="13.608" errors="0">
  <testcase name="@BeforeMethod preCondition" time="0.0" classname="com.fezmob.scripts.TestLoginLogout">
    <failure type="java.lang.NoSuchMethodError" message="org.openqa.selenium.support.ui.FluentWait.until(Lcom/google/common/base/Function;)Ljava/lang/Object;">
      <![CDATA[java.lang.NoSuchMethodError: org.openqa.selenium.support.ui.FluentWait.until(Lcom/google/common/base/Function;)Ljava/lang/Object;
	at io.appium.java_client.pagefactory.AppiumElementLocator.waitFor(AppiumElementLocator.java:129)
	at io.appium.java_client.pagefactory.AppiumElementLocator.findElement(AppiumElementLocator.java:145)
	at io.appium.java_client.pagefactory.interceptors.InterceptorOfASingleElement.intercept(InterceptorOfASingleElement.java:51)
	at io.appium.java_client.android.AndroidElement$$EnhancerByCGLIB$$c0b591f0.sendKeys(<generated>)
	at com.fezmob.pages.LoginPage.login(LoginPage.java:49)
	at com.fezmob.base.BaseTest.preCondition(BaseTest.java:110)
	at sun.reflect.NativeMethodAccessorImpl.invoke0(Native Method)
	at sun.reflect.NativeMethodAccessorImpl.invoke(NativeMethodAccessorImpl.java:62)
	at sun.reflect.DelegatingMethodAccessorImpl.invoke(DelegatingMethodAccessorImpl.java:43)
	at java.lang.reflect.Method.invoke(Method.java:498)
	at org.testng.internal.MethodInvocationHelper.invokeMethod(MethodInvocationHelper.java:100)
	at org.testng.internal.Invoker.invokeConfigurationMethod(Invoker.java:515)
	at org.testng.internal.Invoker.invokeConfigurations(Invoker.java:216)
	at org.testng.internal.Invoker.invokeMethod(Invoker.java:590)
	at org.testng.internal.Invoker.invokeTestMethod(Invoker.java:811)
	at org.testng.internal.Invoker.invokeTestMethods(Invoker.java:1137)
	at org.testng.internal.TestMethodWorker.invokeTestMethods(TestMethodWorker.java:129)
	at org.testng.internal.TestMethodWorker.run(TestMethodWorker.java:112)
	at org.testng.TestRunner.privateRun(TestRunner.java:753)
	at org.testng.TestRunner.run(TestRunner.java:607)
	at org.testng.SuiteRunner.runTest(SuiteRunner.java:368)
	at org.testng.SuiteRunner.runSequentially(SuiteRunner.java:363)
	at org.testng.SuiteRunner.privateRun(SuiteRunner.java:321)
	at org.testng.SuiteRunner.run(SuiteRunner.java:270)
	at org.testng.SuiteRunnerWorker.runSuite(SuiteRunnerWorker.java:52)
	at org.testng.SuiteRunnerWorker.run(SuiteRunnerWorker.java:86)
	at org.testng.TestNG.runSuitesSequentially(TestNG.java:1284)
	at org.testng.TestNG.runSuitesLocally(TestNG.java:1209)
	at org.testng.TestNG.runSuites(TestNG.java:1124)
	at org.testng.TestNG.run(TestNG.java:1096)
	at org.testng.remote.AbstractRemoteTestNG.run(AbstractRemoteTestNG.java:132)
	at org.testng.remote.RemoteTestNG.initAndRun(RemoteTestNG.java:236)
	at org.testng.remote.RemoteTestNG.main(RemoteTestNG.java:81)
]]>
    </failure>
  </testcase> <!-- @BeforeMethod preCondition -->
  <testcase name="@AfterMethod postCondition" time="0.0" classname="com.fezmob.scripts.TestLoginLogout">
    <skipped/>
  </testcase> <!-- @AfterMethod postCondition -->
  <testcase name="@AfterClass teardown" time="0.0" classname="com.fezmob.scripts.TestLoginLogout">
    <skipped/>
  </testcase> <!-- @AfterClass teardown -->
  <testcase name="@BeforeClass MobileTestLaunch" time="0.0" classname="com.fezmob.scripts.TestAddExpense">
    <skipped/>
  </testcase> <!-- @BeforeClass MobileTestLaunch -->
  <testcase name="@BeforeMethod preCondition" time="0.0" classname="com.fezmob.scripts.TestAddExpense">
    <skipped/>
  </testcase> <!-- @BeforeMethod preCondition -->
  <testcase name="@AfterMethod postCondition" time="0.0" classname="com.fezmob.scripts.TestAddExpense">
    <skipped/>
  </testcase> <!-- @AfterMethod postCondition -->
  <testcase name="@AfterClass teardown" time="0.0" classname="com.fezmob.scripts.TestAddExpense">
    <skipped/>
  </testcase> <!-- @AfterClass teardown -->
  <testcase name="@BeforeClass MobileTestLaunch" time="0.0" classname="com.fezmob.scripts.TestAddJob">
    <skipped/>
  </testcase> <!-- @BeforeClass MobileTestLaunch -->
  <testcase name="@BeforeMethod preCondition" time="0.0" classname="com.fezmob.scripts.TestAddJob">
    <skipped/>
  </testcase> <!-- @BeforeMethod preCondition -->
  <testcase name="@AfterMethod postCondition" time="0.0" classname="com.fezmob.scripts.TestAddJob">
    <skipped/>
  </testcase> <!-- @AfterMethod postCondition -->
  <testcase name="@AfterClass teardown" time="0.0" classname="com.fezmob.scripts.TestAddJob">
    <skipped/>
  </testcase> <!-- @AfterClass teardown -->
  <testcase name="testAutoLoginLogout" time="0.005" classname="com.fezmob.scripts.TestLoginLogout">
    <skipped/>
  </testcase> <!-- testAutoLoginLogout -->
  <testcase name="testAddExpense" time="0.002" classname="com.fezmob.scripts.TestAddExpense">
    <skipped/>
  </testcase> <!-- testAddExpense -->
  <testcase name="testAddJob" time="0.009" classname="com.fezmob.scripts.TestAddJob">
    <skipped/>
  </testcase> <!-- testAddJob -->
</testsuite> <!-- Default test -->
